2016-01-22:52:17  2 Division by zero /var/www/html/error/error.php 11 /var/www/html/error/error.php 11 myErrorHandler
2016-01-22:53:22  8 Use of undefined constant s10 - assumed 's10' /var/www/html/error/error.php 11 /var/www/html/error/error.php 11 myErrorHandler
2016-01-22:53:22  2 Division by zero /var/www/html/error/error.php 11 /var/www/html/error/error.php 11 myErrorHandler
2016-01-22:53:28  8 Use of undefined constant s10 - assumed 's10' /var/www/html/error/error.php 11 /var/www/html/error/error.php 11 myErrorHandler
2016-01-22:53:28  2 Division by zero /var/www/html/error/error.php 11 /var/www/html/error/error.php 11 myErrorHandler
2016-01-22:53:43  2 Division by zero /var/www/html/error/error.php 11 /var/www/html/error/error.php 11 myErrorHandler
2016-01-22:53:43  2 Division by zero /var/www/html/error/error.php 11 /var/www/html/error/error.php 11 myErrorHandler
2016-01-22:53:44  2 Division by zero /var/www/html/error/error.php 11 /var/www/html/error/error.php 11 myErrorHandler
2016-01-22:53:44  2 Division by zero /var/www/html/error/error.php 11 /var/www/html/error/error.php 11 myErrorHandler
2016-01-22:53:58  8 Use of undefined constant sd - assumed 'sd' /var/www/html/error/error.php 11 /var/www/html/error/error.php 11 myErrorHandler
2016-01-22:53:58  2 Division by zero /var/www/html/error/error.php 11 /var/www/html/error/error.php 11 myErrorHandler
2016-01-22:54:00  8 Use of undefined constant sd - assumed 'sd' /var/www/html/error/error.php 11 /var/www/html/error/error.php 11 myErrorHandler
2016-01-22:54:00  2 Division by zero /var/www/html/error/error.php 11 /var/www/html/error/error.php 11 myErrorHandler
2016-01-13:07:37 2 Missing argument 1 for myErrorHandler() /var/www/html/error/exception.php 20
2016-01-13:07:37 2 Missing argument 2 for myErrorHandler() /var/www/html/error/exception.php 20
2016-01-13:07:37 2 Missing argument 3 for myErrorHandler() /var/www/html/error/exception.php 20
2016-01-13:07:37 2 Missing argument 4 for myErrorHandler() /var/www/html/error/exception.php 20
2016-01-13:07:37 8 Undefined index: file /var/www/html/error/exception.php 27
2016-01-13:07:37 8 Undefined index: line /var/www/html/error/exception.php 27
2016-01-13:07:37 8 Undefined variable: data /var/www/html/error/exception.php 27
2016-01-13:07:37 8 Undefined variable: type /var/www/html/error/exception.php 30
2016-01-13:07:37 8 Undefined variable: text /var/www/html/error/exception.php 30
2016-01-13:07:37 8 Undefined variable: file /var/www/html/error/exception.php 30
2016-01-13:07:37 8 Undefined variable: line /var/www/html/error/exception.php 30
2016-01-13:07:37    
2016-01-13:09:20    
2016-01-13:09:35 2 Missing argument 1 for myErrorHandler() /var/www/html/error/exception.php 20
2016-01-13:09:35 2 Missing argument 2 for myErrorHandler() /var/www/html/error/exception.php 20
2016-01-13:09:35 2 Missing argument 3 for myErrorHandler() /var/www/html/error/exception.php 20
2016-01-13:09:35 2 Missing argument 4 for myErrorHandler() /var/www/html/error/exception.php 20
2016-01-13:09:35 8 Undefined index: file /var/www/html/error/exception.php 27
2016-01-13:09:35 8 Undefined index: line /var/www/html/error/exception.php 27
2016-01-13:09:35 8 Undefined variable: data /var/www/html/error/exception.php 27
2016-01-13:09:35 8 Undefined variable: type /var/www/html/error/exception.php 30
2016-01-13:09:35 8 Undefined variable: text /var/www/html/error/exception.php 30
2016-01-13:09:35 8 Undefined variable: file /var/www/html/error/exception.php 30
2016-01-13:09:35 8 Undefined variable: line /var/www/html/error/exception.php 30
2016-01-13:09:35    
2016-01-13:11:06 2 Missing argument 1 for myErrorHandler() /var/www/html/error/exception.php 20
2016-01-13:11:06 2 Missing argument 2 for myErrorHandler() /var/www/html/error/exception.php 20
2016-01-13:11:06 2 Missing argument 3 for myErrorHandler() /var/www/html/error/exception.php 20
2016-01-13:11:06 2 Missing argument 4 for myErrorHandler() /var/www/html/error/exception.php 20
2016-01-13:11:06 8 Undefined variable: type /var/www/html/error/exception.php 30
2016-01-13:11:06 8 Undefined variable: text /var/www/html/error/exception.php 30
2016-01-13:11:06 8 Undefined variable: file /var/www/html/error/exception.php 30
2016-01-13:11:06 8 Undefined variable: line /var/www/html/error/exception.php 30
2016-01-13:11:06    
2016-01-13:11:07 2 Missing argument 1 for myErrorHandler() /var/www/html/error/exception.php 20
2016-01-13:11:07 2 Missing argument 2 for myErrorHandler() /var/www/html/error/exception.php 20
2016-01-13:11:07 2 Missing argument 3 for myErrorHandler() /var/www/html/error/exception.php 20
2016-01-13:11:07 2 Missing argument 4 for myErrorHandler() /var/www/html/error/exception.php 20
2016-01-13:11:07 8 Undefined variable: type /var/www/html/error/exception.php 30
2016-01-13:11:07 8 Undefined variable: text /var/www/html/error/exception.php 30
2016-01-13:11:07 8 Undefined variable: file /var/www/html/error/exception.php 30
2016-01-13:11:07 8 Undefined variable: line /var/www/html/error/exception.php 30
2016-01-13:11:07    
2016-01-13:11:07 2 Missing argument 1 for myErrorHandler() /var/www/html/error/exception.php 20
2016-01-13:11:07 2 Missing argument 2 for myErrorHandler() /var/www/html/error/exception.php 20
2016-01-13:11:07 2 Missing argument 3 for myErrorHandler() /var/www/html/error/exception.php 20
2016-01-13:11:07 2 Missing argument 4 for myErrorHandler() /var/www/html/error/exception.php 20
2016-01-13:11:07 8 Undefined variable: type /var/www/html/error/exception.php 30
2016-01-13:11:07 8 Undefined variable: text /var/www/html/error/exception.php 30
2016-01-13:11:07 8 Undefined variable: file /var/www/html/error/exception.php 30
2016-01-13:11:07 8 Undefined variable: line /var/www/html/error/exception.php 30
2016-01-13:11:07    
2016-01-13:11:07 2 Missing argument 1 for myErrorHandler() /var/www/html/error/exception.php 20
2016-01-13:11:07 2 Missing argument 2 for myErrorHandler() /var/www/html/error/exception.php 20
2016-01-13:11:07 2 Missing argument 3 for myErrorHandler() /var/www/html/error/exception.php 20
2016-01-13:11:07 2 Missing argument 4 for myErrorHandler() /var/www/html/error/exception.php 20
2016-01-13:11:07 8 Undefined variable: type /var/www/html/error/exception.php 30
2016-01-13:11:07 8 Undefined variable: text /var/www/html/error/exception.php 30
2016-01-13:11:07 8 Undefined variable: file /var/www/html/error/exception.php 30
2016-01-13:11:07 8 Undefined variable: line /var/www/html/error/exception.php 30
2016-01-13:11:07    
2016-01-13:11:08 2 Missing argument 1 for myErrorHandler() /var/www/html/error/exception.php 20
2016-01-13:11:08 2 Missing argument 2 for myErrorHandler() /var/www/html/error/exception.php 20
2016-01-13:11:08 2 Missing argument 3 for myErrorHandler() /var/www/html/error/exception.php 20
2016-01-13:11:08 2 Missing argument 4 for myErrorHandler() /var/www/html/error/exception.php 20
2016-01-13:11:08 8 Undefined variable: type /var/www/html/error/exception.php 30
2016-01-13:11:08 8 Undefined variable: text /var/www/html/error/exception.php 30
2016-01-13:11:08 8 Undefined variable: file /var/www/html/error/exception.php 30
2016-01-13:11:08 8 Undefined variable: line /var/www/html/error/exception.php 30
2016-01-13:11:08    
2 Missing argument 1 for myErrorHandler() /var/www/html/error/exception.php 20
2 Missing argument 2 for myErrorHandler() /var/www/html/error/exception.php 20
2 Missing argument 3 for myErrorHandler() /var/www/html/error/exception.php 20
2 Missing argument 4 for myErrorHandler() /var/www/html/error/exception.php 20
8 Undefined variable: type /var/www/html/error/exception.php 30
8 Undefined variable: text /var/www/html/error/exception.php 30
8 Undefined variable: file /var/www/html/error/exception.php 30
8 Undefined variable: line /var/www/html/error/exception.php 30
   
2 Missing argument 1 for myErrorHandler() /var/www/html/error/exception.php 20
2 Missing argument 2 for myErrorHandler() /var/www/html/error/exception.php 20
2 Missing argument 3 for myErrorHandler() /var/www/html/error/exception.php 20
2 Missing argument 4 for myErrorHandler() /var/www/html/error/exception.php 20
8 Undefined variable: type /var/www/html/error/exception.php 30
8 Undefined variable: text /var/www/html/error/exception.php 30
8 Undefined variable: file /var/www/html/error/exception.php 30
8 Undefined variable: line /var/www/html/error/exception.php 30
   
2 Missing argument 1 for myErrorHandler() /var/www/html/error/exception.php 20
2 Missing argument 2 for myErrorHandler() /var/www/html/error/exception.php 20
2 Missing argument 3 for myErrorHandler() /var/www/html/error/exception.php 20
2 Missing argument 4 for myErrorHandler() /var/www/html/error/exception.php 20
8 Undefined variable: type /var/www/html/error/exception.php 30
8 Undefined variable: text /var/www/html/error/exception.php 30
8 Undefined variable: file /var/www/html/error/exception.php 30
8 Undefined variable: line /var/www/html/error/exception.php 30
   
2016-01-13:12:542 Missing argument 1 for myErrorHandler() /var/www/html/error/exception.php 20
2016-01-13:12:542 Missing argument 2 for myErrorHandler() /var/www/html/error/exception.php 20
2016-01-13:12:542 Missing argument 3 for myErrorHandler() /var/www/html/error/exception.php 20
2016-01-13:12:542 Missing argument 4 for myErrorHandler() /var/www/html/error/exception.php 20
2016-01-13:12:548 Undefined variable: type /var/www/html/error/exception.php 30
2016-01-13:12:548 Undefined variable: text /var/www/html/error/exception.php 30
2016-01-13:12:548 Undefined variable: file /var/www/html/error/exception.php 30
2016-01-13:12:548 Undefined variable: line /var/www/html/error/exception.php 30
2016-01-13:12:54   
2016-01-13:13:502 Missing argument 1 for myErrorHandler() /var/www/html/error/exception.php 20
2016-01-13:13:502 Missing argument 2 for myErrorHandler() /var/www/html/error/exception.php 20
2016-01-13:13:502 Missing argument 3 for myErrorHandler() /var/www/html/error/exception.php 20
2016-01-13:13:502 Missing argument 4 for myErrorHandler() /var/www/html/error/exception.php 20
2016-01-13:13:508 Undefined variable: type /var/www/html/error/exception.php 30
2016-01-13:13:508 Undefined variable: text /var/www/html/error/exception.php 30
2016-01-13:13:508 Undefined variable: file /var/www/html/error/exception.php 30
2016-01-13:13:508 Undefined variable: line /var/www/html/error/exception.php 30
2016-01-13:13:50   
2016-01-13:15:522 Division by zero /var/www/html/error/error.php 2
2016-01-13:15:532 Division by zero /var/www/html/error/error.php 2
2016-01-13:16:352 Missing argument 1 for myErrorHandler() /var/www/html/error/exception.php 6
2016-01-13:16:352 Missing argument 2 for myErrorHandler() /var/www/html/error/exception.php 6
2016-01-13:16:352 Missing argument 3 for myErrorHandler() /var/www/html/error/exception.php 6
2016-01-13:16:352 Missing argument 4 for myErrorHandler() /var/www/html/error/exception.php 6
2016-01-13:16:358 Undefined variable: type /var/www/html/error/exception.php 16
2016-01-13:16:358 Undefined variable: text /var/www/html/error/exception.php 16
2016-01-13:16:358 Undefined variable: file /var/www/html/error/exception.php 16
2016-01-13:16:358 Undefined variable: line /var/www/html/error/exception.php 16
2016-01-13:16:35   
2016-01-13:16:362 Missing argument 1 for myErrorHandler() /var/www/html/error/exception.php 6
2016-01-13:16:362 Missing argument 2 for myErrorHandler() /var/www/html/error/exception.php 6
2016-01-13:16:362 Missing argument 3 for myErrorHandler() /var/www/html/error/exception.php 6
2016-01-13:16:362 Missing argument 4 for myErrorHandler() /var/www/html/error/exception.php 6
2016-01-13:16:368 Undefined variable: type /var/www/html/error/exception.php 16
2016-01-13:16:368 Undefined variable: text /var/www/html/error/exception.php 16
2016-01-13:16:368 Undefined variable: file /var/www/html/error/exception.php 16
2016-01-13:16:368 Undefined variable: line /var/www/html/error/exception.php 16
2016-01-13:16:36   
2016-01-13:16:362 Missing argument 1 for myErrorHandler() /var/www/html/error/exception.php 6
2016-01-13:16:362 Missing argument 2 for myErrorHandler() /var/www/html/error/exception.php 6
2016-01-13:16:362 Missing argument 3 for myErrorHandler() /var/www/html/error/exception.php 6
2016-01-13:16:362 Missing argument 4 for myErrorHandler() /var/www/html/error/exception.php 6
2016-01-13:16:368 Undefined variable: type /var/www/html/error/exception.php 16
2016-01-13:16:368 Undefined variable: text /var/www/html/error/exception.php 16
2016-01-13:16:368 Undefined variable: file /var/www/html/error/exception.php 16
2016-01-13:16:368 Undefined variable: line /var/www/html/error/exception.php 16
2016-01-13:16:36   
2016-01-13:16:362 Missing argument 1 for myErrorHandler() /var/www/html/error/exception.php 6
2016-01-13:16:362 Missing argument 2 for myErrorHandler() /var/www/html/error/exception.php 6
2016-01-13:16:362 Missing argument 3 for myErrorHandler() /var/www/html/error/exception.php 6
2016-01-13:16:362 Missing argument 4 for myErrorHandler() /var/www/html/error/exception.php 6
2016-01-13:16:368 Undefined variable: type /var/www/html/error/exception.php 16
2016-01-13:16:368 Undefined variable: text /var/www/html/error/exception.php 16
2016-01-13:16:368 Undefined variable: file /var/www/html/error/exception.php 16
2016-01-13:16:368 Undefined variable: line /var/www/html/error/exception.php 16
2016-01-13:16:36   
2016-01-13:18:18 2 Missing argument 1 for myErrorHandler() /var/www/html/error/exception.php 6
2016-01-13:18:18 2 Missing argument 2 for myErrorHandler() /var/www/html/error/exception.php 6
2016-01-13:18:18 2 Missing argument 3 for myErrorHandler() /var/www/html/error/exception.php 6
2016-01-13:18:18 2 Missing argument 4 for myErrorHandler() /var/www/html/error/exception.php 6
2016-01-13:18:18 8 Undefined variable: type /var/www/html/error/exception.php 16
2016-01-13:18:18 8 Undefined variable: text /var/www/html/error/exception.php 16
2016-01-13:18:18 8 Undefined variable: file /var/www/html/error/exception.php 16
2016-01-13:18:18 8 Undefined variable: line /var/www/html/error/exception.php 16
2016-01-13:18:18    
2016-01-13:18:19 2 Missing argument 1 for myErrorHandler() /var/www/html/error/exception.php 6
2016-01-13:18:19 2 Missing argument 2 for myErrorHandler() /var/www/html/error/exception.php 6
2016-01-13:18:19 2 Missing argument 3 for myErrorHandler() /var/www/html/error/exception.php 6
2016-01-13:18:19 2 Missing argument 4 for myErrorHandler() /var/www/html/error/exception.php 6
2016-01-13:18:19 8 Undefined variable: type /var/www/html/error/exception.php 16
2016-01-13:18:19 8 Undefined variable: text /var/www/html/error/exception.php 16
2016-01-13:18:19 8 Undefined variable: file /var/www/html/error/exception.php 16
2016-01-13:18:19 8 Undefined variable: line /var/www/html/error/exception.php 16
2016-01-13:18:19    
2016-01-13:18:19 2 Missing argument 1 for myErrorHandler() /var/www/html/error/exception.php 6
2016-01-13:18:19 2 Missing argument 2 for myErrorHandler() /var/www/html/error/exception.php 6
2016-01-13:18:19 2 Missing argument 3 for myErrorHandler() /var/www/html/error/exception.php 6
2016-01-13:18:19 2 Missing argument 4 for myErrorHandler() /var/www/html/error/exception.php 6
2016-01-13:18:19 8 Undefined variable: type /var/www/html/error/exception.php 16
2016-01-13:18:19 8 Undefined variable: text /var/www/html/error/exception.php 16
2016-01-13:18:19 8 Undefined variable: file /var/www/html/error/exception.php 16
2016-01-13:18:19 8 Undefined variable: line /var/www/html/error/exception.php 16
2016-01-13:18:19    
4 syntax error, unexpected end of file /var/www/html/error/error.php 24 syntax error, unexpected end of file /var/www/html/error/error.php 24 syntax error, unexpected end of file /var/www/html/error/error.php 22016-01-13:39:26 4 syntax error, unexpected end of file /var/www/html/error/error.php 22016-01-13:39:26 4 syntax error, unexpected end of file /var/www/html/error/error.php 22016-01-13:39:27 4 syntax error, unexpected end of file /var/www/html/error/error.php 22016-01-13:40:11 4 syntax error, unexpected end of file /var/www/html/error/error.php 22016-01-13:41:30 4 syntax error, unexpected end of file /var/www/html/error/error.php 22016-01-14:04:59 4 syntax error, unexpected end of file /var/www/html/error/error.php 2\n2016-01-14:06:40 4 syntax error, unexpected end of file /var/www/html/error/error.php 2
2016-01-14:06:40 4 syntax error, unexpected end of file /var/www/html/error/error.php 2
2016-01-14:06:40 4 syntax error, unexpected end of file /var/www/html/error/error.php 2
2016-01-14:08:18 1 Call to undefined function func() /var/www/html/error/error.php 2
2016-01-14:08:20 1 Call to undefined function func() /var/www/html/error/error.php 2
2016-01-14:08:20 1 Call to undefined function func() /var/www/html/error/error.php 2
2016-01-14:08:20 1 Call to undefined function func() /var/www/html/error/error.php 2
2016-02-22:44:12    
2016-02-15 22:46:00    
2016-02-15 22:52:37 4 syntax error, unexpected end of file /var/www/html/error/error.php 2
2016-02-15 22:52:37 4 syntax error, unexpected end of file /var/www/html/error/error.php 2
2016-02-15 22:52:38 4 syntax error, unexpected end of file /var/www/html/error/error.php 2
2016-02-15 22:53:34 4 syntax error, unexpected end of file /var/www/html/error/error.php 2
2016-02-15 22:53:34 4 syntax error, unexpected end of file /var/www/html/error/error.php 2
2016-02-15 22:53:35 4 syntax error, unexpected end of file /var/www/html/error/error.php 2
2016-02-15 22:54:47 2 Division by zero /var/www/html/error/error.php 2
2016-02-15 22:55:25 4 syntax error, unexpected end of file /var/www/html/error/error.php 2
